<?xml version="1.0" encoding="UTF-8"?>
<coverage generated="1557760748734" clover="3.2.0">
  <project timestamp="1557760748734" name="All files">
    <metrics statements="28" coveredstatements="28" conditionals="4" coveredconditionals="2" methods="3" coveredmethods="3" elements="35" coveredelements="33" complexity="0" loc="28" ncloc="28" packages="2" files="2" classes="2"/>
    <package name="makers-weather-station">
      <metrics statements="23" coveredstatements="23" conditionals="4" coveredconditionals="2" methods="2" coveredmethods="2"/>
      <file name="app.js" path="/Users/micosmin/Desktop/Makers/Projects/FinalProject/makers-weather-station/app.js">
        <metrics statements="23" coveredstatements="23" conditionals="4" coveredconditionals="2" methods="2" coveredmethods="2"/>
        <line num="1" count="1" type="stmt"/>
        <line num="2" count="1" type="stmt"/>
        <line num="3" count="1" type="stmt"/>
        <line num="4" count="1" type="stmt"/>
        <line num="5" count="1" type="stmt"/>
        <line num="7" count="1" type="stmt"/>
        <line num="9" count="1" type="stmt"/>
        <line num="12" count="1" type="stmt"/>
        <line num="13" count="1" type="stmt"/>
        <line num="15" count="1" type="stmt"/>
        <line num="16" count="1" type="stmt"/>
        <line num="17" count="1" type="stmt"/>
        <line num="18" count="1" type="stmt"/>
        <line num="19" count="1" type="stmt"/>
        <line num="21" count="1" type="stmt"/>
        <line num="25" count="1" type="stmt"/>
        <line num="26" count="1" type="stmt"/>
        <line num="30" count="1" type="stmt"/>
        <line num="33" count="1" type="stmt"/>
        <line num="35" count="1" type="cond" truecount="1" falsecount="1"/>
        <line num="40" count="1" type="cond" truecount="1" falsecount="1"/>
        <line num="42" count="1" type="stmt"/>
        <line num="45" count="1" type="stmt"/>
      </file>
    </package>
    <package name="makers-weather-station.routes">
      <metrics statements="5" coveredstatements="5" conditionals="0" coveredconditionals="0" methods="1" coveredmethods="1"/>
      <file name="index.js" path="/Users/micosmin/Desktop/Makers/Projects/FinalProject/makers-weather-station/routes/index.js">
        <metrics statements="5" coveredstatements="5" conditionals="0" coveredconditionals="0" methods="1" coveredmethods="1"/>
        <line num="1" count="1" type="stmt"/>
        <line num="2" count="1" type="stmt"/>
        <line num="5" count="1" type="stmt"/>
        <line num="6" count="1" type="stmt"/>
        <line num="9" count="1" type="stmt"/>
      </file>
    </package>
  </project>
</coverage>
