{"/Users/micosmin/Desktop/Makers/Projects/FinalProject/makers-weather-station/app.js": {"path":"/Users/micosmin/Desktop/Makers/Projects/FinalProject/makers-weather-station/app.js","statementMap":{"0":{"start":{"line":1,"column":18},"end":{"line":1,"column":40}},"1":{"start":{"line":2,"column":14},"end":{"line":2,"column":32}},"2":{"start":{"line":3,"column":11},"end":{"line":3,"column":26}},"3":{"start":{"line":4,"column":19},"end":{"line":4,"column":43}},"4":{"start":{"line":5,"column":13},"end":{"line":5,"column":30}},"5":{"start":{"line":6,"column":21},"end":{"line":6,"column":49}},"6":{"start":{"line":7,"column":16},"end":{"line":7,"column":39}},"7":{"start":{"line":8,"column":17},"end":{"line":8,"column":39}},"8":{"start":{"line":9,"column":15},"end":{"line":9,"column":34}},"9":{"start":{"line":10,"column":10},"end":{"line":10,"column":19}},"10":{"start":{"line":13,"column":0},"end":{"line":13,"column":48}},"11":{"start":{"line":14,"column":0},"end":{"line":14,"column":30}},"12":{"start":{"line":16,"column":0},"end":{"line":16,"column":23}},"13":{"start":{"line":17,"column":0},"end":{"line":17,"column":24}},"14":{"start":{"line":18,"column":0},"end":{"line":18,"column":49}},"15":{"start":{"line":19,"column":0},"end":{"line":19,"column":24}},"16":{"start":{"line":20,"column":0},"end":{"line":20,"column":56}},"17":{"start":{"line":22,"column":0},"end":{"line":26,"column":2}},"18":{"start":{"line":28,"column":0},"end":{"line":28,"column":27}},"19":{"start":{"line":30,"column":0},"end":{"line":32,"column":3}},"20":{"start":{"line":34,"column":0},"end":{"line":34,"column":29}},"21":{"start":{"line":35,"column":0},"end":{"line":35,"column":27}},"22":{"start":{"line":38,"column":0},"end":{"line":40,"column":3}},"23":{"start":{"line":39,"column":2},"end":{"line":39,"column":25}},"24":{"start":{"line":42,"column":0},"end":{"line":47,"column":3}},"25":{"start":{"line":43,"column":2},"end":{"line":43,"column":35}},"26":{"start":{"line":44,"column":2},"end":{"line":44,"column":69}},"27":{"start":{"line":45,"column":2},"end":{"line":45,"column":32}},"28":{"start":{"line":46,"column":2},"end":{"line":46,"column":22}},"29":{"start":{"line":49,"column":0},"end":{"line":49,"column":21}}},"fnMap":{"0":{"name":"(anonymous_0)","decl":{"start":{"line":38,"column":8},"end":{"line":38,"column":9}},"loc":{"start":{"line":38,"column":33},"end":{"line":40,"column":1}},"line":38},"1":{"name":"(anonymous_1)","decl":{"start":{"line":42,"column":8},"end":{"line":42,"column":9}},"loc":{"start":{"line":42,"column":38},"end":{"line":47,"column":1}},"line":42}},"branchMap":{"0":{"loc":{"start":{"line":44,"column":21},"end":{"line":44,"column":68}},"type":"cond-expr","locations":[{"start":{"line":44,"column":60},"end":{"line":44,"column":63}},{"start":{"line":44,"column":66},"end":{"line":44,"column":68}}],"line":44},"1":{"loc":{"start":{"line":45,"column":13},"end":{"line":45,"column":30}},"type":"binary-expr","locations":[{"start":{"line":45,"column":13},"end":{"line":45,"column":23}},{"start":{"line":45,"column":27},"end":{"line":45,"column":30}}],"line":45}},"s":{"0":2,"1":2,"2":2,"3":2,"4":2,"5":2,"6":2,"7":2,"8":2,"9":2,"10":2,"11":2,"12":2,"13":2,"14":2,"15":2,"16":2,"17":2,"18":2,"19":2,"20":2,"21":2,"22":2,"23":1,"24":2,"25":1,"26":1,"27":1,"28":1,"29":2},"f":{"0":1,"1":1},"b":{"0":[0,1],"1":[1,0]},"_coverageSchema":"43e27e138ebf9cfc5966b082cf9a028302ed4184","hash":"0584e331fca8f3911225671dd2ba2e9913b07a0d"}
,"/Users/micosmin/Desktop/Makers/Projects/FinalProject/makers-weather-station/controllers/weatherController.js": {"path":"/Users/micosmin/Desktop/Makers/Projects/FinalProject/makers-weather-station/controllers/weatherController.js","statementMap":{"0":{"start":{"line":2,"column":14},"end":{"line":2,"column":49}},"1":{"start":{"line":5,"column":0},"end":{"line":11,"column":2}},"2":{"start":{"line":6,"column":2},"end":{"line":10,"column":5}},"3":{"start":{"line":7,"column":4},"end":{"line":9,"column":7}},"4":{"start":{"line":14,"column":0},"end":{"line":21,"column":2}},"5":{"start":{"line":15,"column":14},"end":{"line":15,"column":40}},"6":{"start":{"line":16,"column":2},"end":{"line":20,"column":12}},"7":{"start":{"line":17,"column":4},"end":{"line":19,"column":7}},"8":{"start":{"line":24,"column":0},"end":{"line":45,"column":2}},"9":{"start":{"line":26,"column":13},"end":{"line":26,"column":26}},"10":{"start":{"line":28,"column":18},"end":{"line":33,"column":4}},"11":{"start":{"line":35,"column":2},"end":{"line":44,"column":5}},"12":{"start":{"line":36,"column":4},"end":{"line":43,"column":5}},"13":{"start":{"line":37,"column":6},"end":{"line":37,"column":20}},"14":{"start":{"line":39,"column":6},"end":{"line":42,"column":9}},"15":{"start":{"line":48,"column":0},"end":{"line":60,"column":2}},"16":{"start":{"line":51,"column":2},"end":{"line":59,"column":5}},"17":{"start":{"line":52,"column":4},"end":{"line":58,"column":5}},"18":{"start":{"line":53,"column":6},"end":{"line":53,"column":20}},"19":{"start":{"line":55,"column":6},"end":{"line":57,"column":9}},"20":{"start":{"line":63,"column":0},"end":{"line":76,"column":2}},"21":{"start":{"line":64,"column":2},"end":{"line":75,"column":4}},"22":{"start":{"line":69,"column":6},"end":{"line":73,"column":9}},"23":{"start":{"line":79,"column":0},"end":{"line":87,"column":2}},"24":{"start":{"line":80,"column":2},"end":{"line":86,"column":5}},"25":{"start":{"line":81,"column":4},"end":{"line":85,"column":7}}},"fnMap":{"0":{"name":"(anonymous_0)","decl":{"start":{"line":5,"column":16},"end":{"line":5,"column":17}},"loc":{"start":{"line":5,"column":35},"end":{"line":11,"column":1}},"line":5},"1":{"name":"(anonymous_1)","decl":{"start":{"line":6,"column":19},"end":{"line":6,"column":20}},"loc":{"start":{"line":6,"column":41},"end":{"line":10,"column":3}},"line":6},"2":{"name":"(anonymous_2)","decl":{"start":{"line":14,"column":21},"end":{"line":14,"column":22}},"loc":{"start":{"line":14,"column":40},"end":{"line":21,"column":1}},"line":14},"3":{"name":"(anonymous_3)","decl":{"start":{"line":16,"column":18},"end":{"line":16,"column":19}},"loc":{"start":{"line":16,"column":40},"end":{"line":20,"column":3}},"line":16},"4":{"name":"(anonymous_4)","decl":{"start":{"line":24,"column":17},"end":{"line":24,"column":18}},"loc":{"start":{"line":24,"column":36},"end":{"line":45,"column":1}},"line":24},"5":{"name":"(anonymous_5)","decl":{"start":{"line":35,"column":15},"end":{"line":35,"column":16}},"loc":{"start":{"line":35,"column":29},"end":{"line":44,"column":3}},"line":35},"6":{"name":"(anonymous_6)","decl":{"start":{"line":48,"column":21},"end":{"line":48,"column":22}},"loc":{"start":{"line":48,"column":40},"end":{"line":60,"column":1}},"line":48},"7":{"name":"(anonymous_7)","decl":{"start":{"line":51,"column":26},"end":{"line":51,"column":27}},"loc":{"start":{"line":51,"column":40},"end":{"line":59,"column":3}},"line":51},"8":{"name":"(anonymous_8)","decl":{"start":{"line":63,"column":17},"end":{"line":63,"column":18}},"loc":{"start":{"line":63,"column":36},"end":{"line":76,"column":1}},"line":63},"9":{"name":"(anonymous_9)","decl":{"start":{"line":68,"column":4},"end":{"line":68,"column":5}},"loc":{"start":{"line":68,"column":27},"end":{"line":74,"column":5}},"line":68},"10":{"name":"(anonymous_10)","decl":{"start":{"line":79,"column":20},"end":{"line":79,"column":21}},"loc":{"start":{"line":79,"column":39},"end":{"line":87,"column":1}},"line":79},"11":{"name":"(anonymous_11)","decl":{"start":{"line":80,"column":25},"end":{"line":80,"column":26}},"loc":{"start":{"line":80,"column":48},"end":{"line":86,"column":3}},"line":80}},"branchMap":{"0":{"loc":{"start":{"line":36,"column":4},"end":{"line":43,"column":5}},"type":"if","locations":[{"start":{"line":36,"column":4},"end":{"line":43,"column":5}},{"start":{"line":36,"column":4},"end":{"line":43,"column":5}}],"line":36},"1":{"loc":{"start":{"line":52,"column":4},"end":{"line":58,"column":5}},"type":"if","locations":[{"start":{"line":52,"column":4},"end":{"line":58,"column":5}},{"start":{"line":52,"column":4},"end":{"line":58,"column":5}}],"line":52}},"s":{"0":2,"1":2,"2":1,"3":1,"4":2,"5":1,"6":1,"7":1,"8":2,"9":2,"10":2,"11":2,"12":2,"13":1,"14":1,"15":2,"16":2,"17":2,"18":1,"19":1,"20":2,"21":1,"22":1,"23":2,"24":1,"25":1},"f":{"0":1,"1":1,"2":1,"3":1,"4":2,"5":2,"6":2,"7":2,"8":1,"9":1,"10":1,"11":1},"b":{"0":[1,1],"1":[1,1]},"_coverageSchema":"43e27e138ebf9cfc5966b082cf9a028302ed4184","hash":"3ed79cdff3c0847030cc3d6c33e33eece1a98858"}
,"/Users/micosmin/Desktop/Makers/Projects/FinalProject/makers-weather-station/routes/api.js": {"path":"/Users/micosmin/Desktop/Makers/Projects/FinalProject/makers-weather-station/routes/api.js","statementMap":{"0":{"start":{"line":1,"column":14},"end":{"line":1,"column":32}},"1":{"start":{"line":2,"column":13},"end":{"line":2,"column":29}},"2":{"start":{"line":3,"column":24},"end":{"line":3,"column":67}},"3":{"start":{"line":6,"column":0},"end":{"line":8,"column":3}},"4":{"start":{"line":7,"column":2},"end":{"line":7,"column":28}},"5":{"start":{"line":11,"column":0},"end":{"line":13,"column":3}},"6":{"start":{"line":12,"column":2},"end":{"line":12,"column":36}},"7":{"start":{"line":16,"column":0},"end":{"line":18,"column":3}},"8":{"start":{"line":17,"column":2},"end":{"line":17,"column":41}},"9":{"start":{"line":21,"column":0},"end":{"line":23,"column":3}},"10":{"start":{"line":22,"column":2},"end":{"line":22,"column":37}},"11":{"start":{"line":26,"column":0},"end":{"line":28,"column":3}},"12":{"start":{"line":27,"column":2},"end":{"line":27,"column":46}},"13":{"start":{"line":31,"column":0},"end":{"line":33,"column":3}},"14":{"start":{"line":32,"column":2},"end":{"line":32,"column":37}},"15":{"start":{"line":36,"column":0},"end":{"line":38,"column":3}},"16":{"start":{"line":37,"column":2},"end":{"line":37,"column":40}},"17":{"start":{"line":40,"column":0},"end":{"line":40,"column":24}}},"fnMap":{"0":{"name":"(anonymous_0)","decl":{"start":{"line":6,"column":16},"end":{"line":6,"column":17}},"loc":{"start":{"line":6,"column":41},"end":{"line":8,"column":1}},"line":6},"1":{"name":"(anonymous_1)","decl":{"start":{"line":11,"column":20},"end":{"line":11,"column":21}},"loc":{"start":{"line":11,"column":45},"end":{"line":13,"column":1}},"line":11},"2":{"name":"(anonymous_2)","decl":{"start":{"line":16,"column":27},"end":{"line":16,"column":28}},"loc":{"start":{"line":16,"column":52},"end":{"line":18,"column":1}},"line":16},"3":{"name":"(anonymous_3)","decl":{"start":{"line":21,"column":21},"end":{"line":21,"column":22}},"loc":{"start":{"line":21,"column":46},"end":{"line":23,"column":1}},"line":21},"4":{"name":"(anonymous_4)","decl":{"start":{"line":26,"column":32},"end":{"line":26,"column":33}},"loc":{"start":{"line":26,"column":57},"end":{"line":28,"column":1}},"line":26},"5":{"name":"(anonymous_5)","decl":{"start":{"line":31,"column":35},"end":{"line":31,"column":36}},"loc":{"start":{"line":31,"column":60},"end":{"line":33,"column":1}},"line":31},"6":{"name":"(anonymous_6)","decl":{"start":{"line":36,"column":30},"end":{"line":36,"column":31}},"loc":{"start":{"line":36,"column":55},"end":{"line":38,"column":1}},"line":36}},"branchMap":{},"s":{"0":2,"1":2,"2":2,"3":2,"4":1,"5":2,"6":1,"7":2,"8":1,"9":2,"10":2,"11":2,"12":2,"13":2,"14":1,"15":2,"16":1,"17":2},"f":{"0":1,"1":1,"2":1,"3":2,"4":2,"5":1,"6":1},"b":{},"_coverageSchema":"43e27e138ebf9cfc5966b082cf9a028302ed4184","hash":"20b9f1735c93f4045cf23c13a05da4c28063ecc1"}
,"/Users/micosmin/Desktop/Makers/Projects/FinalProject/makers-weather-station/routes/mainPage.js": {"path":"/Users/micosmin/Desktop/Makers/Projects/FinalProject/makers-weather-station/routes/mainPage.js","statementMap":{"0":{"start":{"line":1,"column":14},"end":{"line":1,"column":32}},"1":{"start":{"line":2,"column":13},"end":{"line":2,"column":29}},"2":{"start":{"line":3,"column":14},"end":{"line":3,"column":46}},"3":{"start":{"line":5,"column":0},"end":{"line":9,"column":3}},"4":{"start":{"line":6,"column":2},"end":{"line":8,"column":5}},"5":{"start":{"line":7,"column":4},"end":{"line":7,"column":50}},"6":{"start":{"line":11,"column":0},"end":{"line":11,"column":24}}},"fnMap":{"0":{"name":"(anonymous_0)","decl":{"start":{"line":5,"column":16},"end":{"line":5,"column":17}},"loc":{"start":{"line":5,"column":41},"end":{"line":9,"column":1}},"line":5},"1":{"name":"(anonymous_1)","decl":{"start":{"line":6,"column":19},"end":{"line":6,"column":20}},"loc":{"start":{"line":6,"column":41},"end":{"line":8,"column":3}},"line":6}},"branchMap":{},"s":{"0":2,"1":2,"2":2,"3":2,"4":1,"5":1,"6":2},"f":{"0":1,"1":1},"b":{},"_coverageSchema":"43e27e138ebf9cfc5966b082cf9a028302ed4184","hash":"300172d31fe1f59f571c09fd495c9c0462faba0c"}
,"/Users/micosmin/Desktop/Makers/Projects/FinalProject/makers-weather-station/src/models/weather.js": {"path":"/Users/micosmin/Desktop/Makers/Projects/FinalProject/makers-weather-station/src/models/weather.js","statementMap":{"0":{"start":{"line":4,"column":15},"end":{"line":4,"column":34}},"1":{"start":{"line":6,"column":20},"end":{"line":21,"column":1}},"2":{"start":{"line":23,"column":15},"end":{"line":23,"column":77}},"3":{"start":{"line":25,"column":0},"end":{"line":27,"column":2}},"4":{"start":{"line":26,"column":2},"end":{"line":26,"column":38}}},"fnMap":{"0":{"name":"(anonymous_0)","decl":{"start":{"line":25,"column":25},"end":{"line":25,"column":26}},"loc":{"start":{"line":25,"column":51},"end":{"line":27,"column":1}},"line":25}},"branchMap":{},"s":{"0":2,"1":2,"2":2,"3":2,"4":1},"f":{"0":1},"b":{},"_coverageSchema":"43e27e138ebf9cfc5966b082cf9a028302ed4184","hash":"298bc1d7895b6c19c011540f4d1c7e03b98f1afd"}
}
