TN:
SF:/Users/micosmin/Desktop/Makers/Projects/FinalProject/makers-weather-station/app.js
FN:39,(anonymous_0)
FN:44,(anonymous_1)
FNF:2
FNH:2
FNDA:1,(anonymous_0)
FNDA:2,(anonymous_1)
DA:1,2
DA:2,2
DA:3,2
DA:4,2
DA:5,2
DA:6,2
DA:7,2
DA:8,2
DA:9,2
DA:11,2
DA:14,2
DA:15,2
DA:17,2
DA:18,2
DA:19,2
DA:20,2
DA:21,2
DA:23,2
DA:29,2
DA:31,2
DA:35,2
DA:36,2
DA:39,2
DA:40,1
DA:44,2
DA:46,2
DA:47,2
DA:48,2
DA:50,2
DA:53,2
LF:30
LH:30
BRDA:47,0,0,0
BRDA:47,0,1,2
BRDA:48,1,0,2
BRDA:48,1,1,1
BRF:4
BRH:3
end_of_record
TN:
SF:/Users/micosmin/Desktop/Makers/Projects/FinalProject/makers-weather-station/controllers/weatherController.js
FN:5,(anonymous_0)
FN:6,(anonymous_1)
FN:20,(anonymous_2)
FN:22,(anonymous_3)
FN:36,(anonymous_4)
FN:47,(anonymous_5)
FN:60,(anonymous_6)
FN:63,(anonymous_7)
FN:75,(anonymous_8)
FN:80,(anonymous_9)
FN:95,(anonymous_10)
FN:96,(anonymous_11)
FNF:12
FNH:11
FNDA:1,(anonymous_0)
FNDA:1,(anonymous_1)
FNDA:1,(anonymous_2)
FNDA:1,(anonymous_3)
FNDA:1,(anonymous_4)
FNDA:1,(anonymous_5)
FNDA:1,(anonymous_6)
FNDA:0,(anonymous_7)
FNDA:1,(anonymous_8)
FNDA:1,(anonymous_9)
FNDA:1,(anonymous_10)
FNDA:1,(anonymous_11)
DA:2,2
DA:5,2
DA:6,1
DA:7,1
DA:8,0
DA:13,1
DA:20,2
DA:21,1
DA:22,1
DA:23,1
DA:24,0
DA:29,1
DA:36,2
DA:38,1
DA:40,1
DA:47,1
DA:48,1
DA:49,0
DA:51,1
DA:60,2
DA:61,1
DA:63,0
DA:64,0
DA:65,0
DA:67,0
DA:75,2
DA:76,1
DA:81,1
DA:82,0
DA:84,1
DA:95,2
DA:96,1
DA:97,1
DA:98,0
DA:100,1
LF:35
LH:26
BRDA:7,0,0,0
BRDA:7,0,1,1
BRDA:23,1,0,0
BRDA:23,1,1,1
BRDA:48,2,0,0
BRDA:48,2,1,1
BRDA:64,3,0,0
BRDA:64,3,1,0
BRDA:81,4,0,0
BRDA:81,4,1,1
BRDA:97,5,0,0
BRDA:97,5,1,1
BRF:12
BRH:5
end_of_record
TN:
SF:/Users/micosmin/Desktop/Makers/Projects/FinalProject/makers-weather-station/routes/api.js
FN:6,(anonymous_0)
FN:11,(anonymous_1)
FN:16,(anonymous_2)
FN:21,(anonymous_3)
FN:26,(anonymous_4)
FN:31,(anonymous_5)
FN:36,(anonymous_6)
FNF:7
FNH:7
FNDA:1,(anonymous_0)
FNDA:1,(anonymous_1)
FNDA:1,(anonymous_2)
FNDA:1,(anonymous_3)
FNDA:1,(anonymous_4)
FNDA:1,(anonymous_5)
FNDA:1,(anonymous_6)
DA:1,2
DA:2,2
DA:3,2
DA:6,2
DA:7,1
DA:11,2
DA:12,1
DA:16,2
DA:17,1
DA:21,2
DA:22,1
DA:26,2
DA:27,1
DA:31,2
DA:32,1
DA:36,2
DA:37,1
DA:40,2
LF:18
LH:18
BRF:0
BRH:0
end_of_record
TN:
SF:/Users/micosmin/Desktop/Makers/Projects/FinalProject/makers-weather-station/routes/mainPage.js
FN:6,(anonymous_0)
FN:7,(anonymous_1)
FNF:2
FNH:2
FNDA:1,(anonymous_0)
FNDA:1,(anonymous_1)
DA:1,2
DA:2,2
DA:3,2
DA:4,2
DA:6,2
DA:7,1
DA:8,1
DA:12,2
LF:8
LH:8
BRF:0
BRH:0
end_of_record
TN:
SF:/Users/micosmin/Desktop/Makers/Projects/FinalProject/makers-weather-station/src/models/weather.js
FN:25,(anonymous_0)
FNF:1
FNH:1
FNDA:2,(anonymous_0)
DA:4,2
DA:6,2
DA:23,2
DA:25,2
DA:26,2
LF:5
LH:5
BRF:0
BRH:0
end_of_record
