TN:
SF:/Users/micosmin/Desktop/Makers/Projects/FinalProject/makers-weather-station/app.js
FN:25,(anonymous_0)
FN:30,(anonymous_1)
FNF:2
FNH:2
FNDA:1,(anonymous_0)
FNDA:1,(anonymous_1)
DA:1,1
DA:2,1
DA:3,1
DA:4,1
DA:5,1
DA:7,1
DA:9,1
DA:12,1
DA:13,1
DA:15,1
DA:16,1
DA:17,1
DA:18,1
DA:19,1
DA:21,1
DA:25,1
DA:26,1
DA:30,1
DA:33,1
DA:35,1
DA:40,1
DA:42,1
DA:45,1
LF:23
LH:23
BRDA:35,0,0,0
BRDA:35,0,1,1
BRDA:40,1,0,1
BRDA:40,1,1,0
BRF:4
BRH:2
end_of_record
TN:
SF:/Users/micosmin/Desktop/Makers/Projects/FinalProject/makers-weather-station/routes/index.js
FN:5,(anonymous_0)
FNF:1
FNH:1
FNDA:1,(anonymous_0)
DA:1,1
DA:2,1
DA:5,1
DA:6,1
DA:9,1
LF:5
LH:5
BRF:0
BRH:0
end_of_record
